<?xml version="1.0" encoding="UTF-8"?>
<!-- Generated by org.testng.reporters.JUnitReportReporter -->
<testsuite hostname="rotestings-mbp" failures="0" tests="1" name="testCases.testCase1" time="0.006" errors="0" timestamp="2021-02-28T15:06:10 EET" skipped="0">
  <testcase classname="testCases.testCase1" name="invalidUserName" time="0.006"/>
  <system-out/>
</testsuite> <!-- testCases.testCase1 -->
